This is pdfeTeX, Version 3.141592-1.21a-2.2 (MiKTeX 2.4) (preloaded format=latex 2010.12.24)  23 MAY 2012 11:23
entering extended mode
**ctextemp_nanahtesisongoing.tex
(ctextemp_nanahtesisongoing.tex
LaTeX2e <2005/12/01>
Babel <v3.8g> and hyphenation patterns for english, dumylang, nohyphenation, ge
rman, ngerman, french, loaded.
(C:\CTeX\texmf\tex\latex\base\article.cls
Document Class: article 2005/09/16 v1.4f Standard LaTeX document class
(C:\CTeX\texmf\tex\latex\base\size12.clo
File: size12.clo 2005/09/16 v1.4f Standard LaTeX file (size option)
)
\c@part=\count79
\c@section=\count80
\c@subsection=\count81
\c@subsubsection=\count82
\c@paragraph=\count83
\c@subparagraph=\count84
\c@figure=\count85
\c@table=\count86
\abovecaptionskip=\skip41
\belowcaptionskip=\skip42
\bibindent=\dimen102
)
(C:\CTeX\texmf\tex\latex\graphics\graphicx.sty
Package: graphicx 1999/02/16 v1.0f Enhanced LaTeX Graphics (DPC,SPQR)

(C:\CTeX\texmf\tex\latex\graphics\keyval.sty
Package: keyval 1999/03/16 v1.13 key=value parser (DPC)
\KV@toks@=\toks14
)
(C:\CTeX\texmf\tex\latex\graphics\graphics.sty
Package: graphics 2006/02/20 v1.0o Standard LaTeX Graphics (DPC,SPQR)

(C:\CTeX\texmf\tex\latex\graphics\trig.sty
Package: trig 1999/03/16 v1.09 sin cos tan (DPC)
)
(C:\CTeX\texmf\tex\latex\00miktex\graphics.cfg
File: graphics.cfg 2005/12/29 v1.2 MiKTeX 'graphics' configuration
)
Package graphics Info: Driver file: pdftex.def on input line 90.

(C:\CTeX\texmf\tex\latex\graphics\pdftex.def
File: pdftex.def 2006/08/14 v0.03t Graphics/color for pdfTeX
\Gread@gobject=\count87
))
\Gin@req@height=\dimen103
\Gin@req@width=\dimen104
)
(C:\CTeX\texmf\tex\latex\amsfonts\amssymb.sty
Package: amssymb 2002/01/22 v2.2d

(C:\CTeX\texmf\tex\latex\amsfonts\amsfonts.sty
Package: amsfonts 2001/10/25 v2.2f
\@emptytoks=\toks15
\symAMSa=\mathgroup4
\symAMSb=\mathgroup5
LaTeX Font Info:    Overwriting math alphabet `\mathfrak' in version `bold'
(Font)                  U/euf/m/n --> U/euf/b/n on input line 132.
))
(C:\CTeX\texmf\tex\latex\amsmath\amsmath.sty
Package: amsmath 2000/07/18 v2.13 AMS math features
\@mathmargin=\skip43

For additional information on amsmath, use the `?' option.
(C:\CTeX\texmf\tex\latex\amsmath\amstext.sty
Package: amstext 2000/06/29 v2.01

(C:\CTeX\texmf\tex\latex\amsmath\amsgen.sty
File: amsgen.sty 1999/11/30 v2.0
\@emptytoks=\toks16
\ex@=\dimen105
))
(C:\CTeX\texmf\tex\latex\amsmath\amsbsy.sty
Package: amsbsy 1999/11/29 v1.2d
\pmbraise@=\dimen106
)
(C:\CTeX\texmf\tex\latex\amsmath\amsopn.sty
Package: amsopn 1999/12/14 v2.01 operator names
)
\inf@bad=\count88
LaTeX Info: Redefining \frac on input line 211.
\uproot@=\count89
\leftroot@=\count90
LaTeX Info: Redefining \overline on input line 307.
\classnum@=\count91
\DOTSCASE@=\count92
LaTeX Info: Redefining \ldots on input line 379.
LaTeX Info: Redefining \dots on input line 382.
LaTeX Info: Redefining \cdots on input line 467.
\Mathstrutbox@=\box26
\strutbox@=\box27
\big@size=\dimen107
LaTeX Font Info:    Redeclaring font encoding OML on input line 567.
LaTeX Font Info:    Redeclaring font encoding OMS on input line 568.
\macc@depth=\count93
\c@MaxMatrixCols=\count94
\dotsspace@=\muskip10
\c@parentequation=\count95
\dspbrk@lvl=\count96
\tag@help=\toks17
\row@=\count97
\column@=\count98
\maxfields@=\count99
\andhelp@=\toks18
\eqnshift@=\dimen108
\alignsep@=\dimen109
\tagshift@=\dimen110
\tagwidth@=\dimen111
\totwidth@=\dimen112
\lineht@=\dimen113
\@envbody=\toks19
\multlinegap=\skip44
\multlinetaggap=\skip45
\mathdisplay@stack=\toks20
LaTeX Info: Redefining \[ on input line 2666.
LaTeX Info: Redefining \] on input line 2667.
)
(C:\CTeX\texmf\tex\latex\tools\longtable.sty
Package: longtable 2004/02/01 v4.11 Multi-page Table package (DPC)
\LTleft=\skip46
\LTright=\skip47
\LTpre=\skip48
\LTpost=\skip49
\LTchunksize=\count100
\LTcapwidth=\dimen114
\LT@head=\box28
\LT@firsthead=\box29
\LT@foot=\box30
\LT@lastfoot=\box31
\LT@cols=\count101
\LT@rows=\count102
\c@LT@tables=\count103
\c@LT@chunks=\count104
\LT@p@ftn=\toks21
)
(C:\CTeX\texmf\tex\latex\graphics\color.sty
Package: color 2005/11/14 v1.0j Standard LaTeX Color (DPC)

(C:\CTeX\texmf\tex\latex\00miktex\color.cfg
File: color.cfg 2005/12/29 v1.1 MiKTeX 'color' configuration
)
Package color Info: Driver file: pdftex.def on input line 130.
)
\c@fact=\count105
\c@claim=\count106
 (ctextemp_nanahtesisongoing.aux

LaTeX Warning: Label `FNC' multiply defined.


LaTeX Warning: Label `Tab_1DFinal' multiply defined.


LaTeX Warning: Label `Tab_1DFinal' multiply defined.


LaTeX Warning: Label `Tab_1DFinal' multiply defined.


LaTeX Warning: Label `Tab_1DFinal' multiply defined.


LaTeX Warning: Label `Tab_1DFinal' multiply defined.


LaTeX Warning: Label `Tab_' multiply defined.

)
LaTeX Font Info:    Checking defaults for OML/cmm/m/it on input line 86.
LaTeX Font Info:    ... okay on input line 86.
LaTeX Font Info:    Checking defaults for T1/cmr/m/n on input line 86.
LaTeX Font Info:    ... okay on input line 86.
LaTeX Font Info:    Checking defaults for OT1/cmr/m/n on input line 86.
LaTeX Font Info:    ... okay on input line 86.
LaTeX Font Info:    Checking defaults for OMS/cmsy/m/n on input line 86.
LaTeX Font Info:    ... okay on input line 86.
LaTeX Font Info:    Checking defaults for OMX/cmex/m/n on input line 86.
LaTeX Font Info:    ... okay on input line 86.
LaTeX Font Info:    Checking defaults for U/cmr/m/n on input line 86.
LaTeX Font Info:    ... okay on input line 86.
 (C:\CTeX\texmf\tex\context\base\supp-pdf.tex
(C:\CTeX\texmf\tex\context\base\supp-mis.tex
loading : Context Support Macros / Miscellaneous (2004.10.26)
\protectiondepth=\count107
\scratchcounter=\count108
\scratchtoks=\toks22
\scratchdimen=\dimen115
\scratchskip=\skip50
\scratchmuskip=\muskip11
\scratchbox=\box32
\scratchread=\read1
\scratchwrite=\write3
\zeropoint=\dimen116
\onepoint=\dimen117
\onebasepoint=\dimen118
\minusone=\count109
\thousandpoint=\dimen119
\onerealpoint=\dimen120
\emptytoks=\toks23
\nextbox=\box33
\nextdepth=\dimen121
\everyline=\toks24
\!!counta=\count110
\!!countb=\count111
\recursecounter=\count112
)
loading : Context Support Macros / PDF (2004.03.26)
\nofMPsegments=\count113
\nofMParguments=\count114
\MPscratchCnt=\count115
\MPscratchDim=\dimen122
\MPnumerator=\count116
\everyMPtoPDFconversion=\toks25
) [1

{psfonts.map}] [2] [3]
LaTeX Font Info:    Try loading font information for OMS+cmr on input line 183.

 (C:\CTeX\texmf\tex\latex\base\omscmr.fd
File: omscmr.fd 1999/05/25 v2.5h Standard LaTeX font definitions
)
LaTeX Font Info:    Font shape `OMS/cmr/m/n' in size <12> not available
(Font)              Font shape `OMS/cmsy/m/n' tried instead on input line 183.
 [4]
[5] [6] (ctextemp_nanahtesisongoing.toc
LaTeX Font Info:    Try loading font information for U+msa on input line 4.

(C:\CTeX\texmf\tex\latex\amsfonts\umsa.fd
File: umsa.fd 2002/01/19 v2.2g AMS font definitions
)
LaTeX Font Info:    Try loading font information for U+msb on input line 4.

(C:\CTeX\texmf\tex\latex\amsfonts\umsb.fd
File: umsb.fd 2002/01/19 v2.2g AMS font definitions
) [7])
\tf@toc=\write4
 [8]
(ctextemp_nanahtesisongoing.lot)
\tf@lot=\write5
 [9] (ctextemp_nanahtesisongoing.lof)
\tf@lof=\write6
 [10]

LaTeX Warning: Citation `Abdollahi2006' on page 1 undefined on input line 318.


LaTeX Warning: Citation `Williams1981' on page 1 undefined on input line 320.


LaTeX Warning: Citation `Bertram' on page 1 undefined on input line 321.


LaTeX Warning: Citation `Abdollahi2006' on page 1 undefined on input line 322.


LaTeX Warning: Citation `DavidAnderson' on page 1 undefined on input line 323.

[1


] [2


]

LaTeX Warning: Reference `FC' on page 3 undefined on input line 421.

[3]
Underfull \hbox (badness 10000) in paragraph at lines 438--439

 []

<calloption.png, id=76, 421.575pt x 316.18124pt>
File: calloption.png Graphic file (type png)
 <use calloption.png>
<putoption2.png, id=78, 421.575pt x 316.18124pt>
File: putoption2.png Graphic file (type png)
 <use putoption2.png>

LaTeX Warning: `h' float specifier changed to `ht'.

[4]
Overfull \hbox (0.92966pt too wide) in paragraph at lines 517--525
\OT1/cmr/m/n/12 The bound-ary con-di-tion 2.14[] de-ter-mines the op-tion value
 at the free bound-ary,whereas
 []

[5] [6] [7] [8] [9 <calloption.png> <putoption2.png>]
Overfull \hbox (20.49387pt too wide) detected at line 621
[] \OT1/cmr/m/n/12 = []\OML/cmm/m/it/12 []S[] [] \OT1/cmr/m/n/12 + \OML/cmm/m/
it/12 rs [] \OMS/cmsy/m/n/12   \OML/cmm/m/it/12 rP[] \OT1/cmr/m/n/12 + []
 []


Overfull \hbox (22.41437pt too wide) detected at line 627
\OML/cmm/m/it/12 P[] \OMS/cmsy/m/n/12   \OML/cmm/m/it/12 P[] \OT1/cmr/m/n/12 = 
[][] [] + [] [] \OMS/cmsy/m/n/12   \OML/cmm/m/it/12 rkP[] \OT1/cmr/m/n/12 + []
 []

[10


] [11] [12] [13] [14]
Underfull \hbox (badness 10000) in paragraph at lines 836--842

 []


Underfull \hbox (badness 10000) in paragraph at lines 844--847

 []

[15] [16] [17] [18] [19


] [20


] [21


] [22] [23


]
Overfull \hbox (86.25717pt too wide) in paragraph at lines 1044--1068
 [][] 
 []

[24] <gau41.png, id=154, 421.575pt x 316.18124pt>
File: gau41.png Graphic file (type png)
 <use gau41.png>
<mq101.png, id=156, 421.575pt x 316.18124pt>
File: mq101.png Graphic file (type png)
 <use mq101.png> [25 <gau41.png> <mq101.png>]
Overfull \hbox (85.6044pt too wide) in paragraph at lines 1093--1117
 [][] 
 []


Overfull \hbox (85.6044pt too wide) in paragraph at lines 1122--1146
 [][] 
 []


LaTeX Warning: `h' float specifier changed to `ht'.

[26] <Imq101.png, id=166, 421.575pt x 316.18124pt>
File: Imq101.png Graphic file (type png)
 <use Imq101.png>
<cpu.png, id=168, 578.16pt x 433.62pt>
File: cpu.png Graphic file (type png)
 <use cpu.png>

LaTeX Warning: `h' float specifier changed to `ht'.

<barmse.png, id=170, 578.16pt x 433.62pt>
File: barmse.png Graphic file (type png)
 <use barmse.png>
<CMQ.png, id=172, 578.16pt x 433.62pt>
File: CMQ.png Graphic file (type png)
 <use CMQ.png>

LaTeX Warning: `h' float specifier changed to `ht'.

<difc.png, id=174, 578.16pt x 433.62pt>
File: difc.png Graphic file (type png)
 <use difc.png>
<CIMQ.png, id=176, 578.16pt x 433.62pt>
File: CIMQ.png Graphic file (type png)
 <use CIMQ.png>

LaTeX Warning: `h' float specifier changed to `ht'.


LaTeX Warning: `h' float specifier changed to `ht'.


LaTeX Warning: `h' float specifier changed to `ht'.


LaTeX Warning: `h' float specifier changed to `ht'.


LaTeX Warning: `h' float specifier changed to `ht'.


LaTeX Warning: `h' float specifier changed to `ht'.

<rbffdpo.png, id=178, 421.575pt x 316.18124pt>
File: rbffdpo.png Graphic file (type png)
 <use rbffdpo.png>

LaTeX Warning: `h' float specifier changed to `ht'.


LaTeX Warning: `h' float specifier changed to `ht'.

<rbffd101.png, id=179, 421.575pt x 316.18124pt>
File: rbffd101.png Graphic file (type png)
 <use rbffd101.png>
<cpue10000.png, id=180, 421.575pt x 316.18124pt>
File: cpue10000.png Graphic file (type png)
 <use cpue10000.png>

LaTeX Warning: `h' float specifier changed to `ht'.

<barrmsee10000.png, id=181, 421.575pt x 316.18124pt>
File: barrmsee10000.png Graphic file (type png)
 <use barrmsee10000.png>

LaTeX Warning: `h' float specifier changed to `ht'.

[27] [28] [29 <Imq101.png> <cpu.png>] [30 <barmse.png> <CMQ.png>] [31 <difc.png
> <CIMQ.png> <rbffdpo.png>] [32] [33 <rbffd101.png>] [34 <cpue10000.png> <barrm
see10000.png>] [35


] [36

] [37] [38



] [39] [40


] (ctextemp_nanahtesisongoing.aux)

LaTeX Warning: There were undefined references.


LaTeX Warning: There were multiply-defined labels.

 ) 
Here is how much of TeX's memory you used:
 2250 strings out of 95503
 24537 string characters out of 1189276
 114113 words of memory out of 1075829
 5233 multiletter control sequences out of 60000
 13210 words of font info for 47 fonts, out of 1000000 for 2000
 14 hyphenation exceptions out of 8191
 27i,10n,24p,252b,270s stack positions out of 5000i,500n,10000p,200000b,32768s
PDF statistics:
 232 PDF objects out of 300000
 0 named destinations out of 300000
 131 words of extra memory for PDF output out of 65536
<C:\CTeX\texmf\fonts\type1\bluesky\cm\cmbxti10.pfb><C:\CTeX\texmf\fonts\type1
\bluesky\cm\cmr6.pfb><C:\CTeX\texmf\fonts\type1\bluesky\ams\msbm10.pfb><C:\CTeX
\texmf\fonts\type1\bluesky\cm\cmmi6.pfb><C:\CTeX\texmf\fonts\type1\bluesky\cm\c
mmi8.pfb><C:\CTeX\texmf\fonts\type1\bluesky\cm\cmex10.pfb><C:\CTeX\texmf\fonts\
type1\bluesky\cm\cmr8.pfb><C:\CTeX\texmf\fonts\type1\bluesky\cm\cmsy8.pfb><C:\C
TeX\texmf\fonts\type1\bluesky\cm\cmmi12.pfb><C:\CTeX\texmf\fonts\type1\bluesky\
cm\cmsy10.pfb><C:\CTeX\texmf\fonts\type1\bluesky\cm\cmti12.pfb><C:\CTeX\texmf\f
onts\type1\bluesky\cm\cmbx12.pfb><C:\CTeX\texmf\fonts\type1\bluesky\cm\cmr12.pf
b>
Output written on ctextemp_nanahtesisongoing.pdf (50 pages, 297126 bytes).
